\BOOKMARK [1][-]{section*.1}{\376\377\144\130\211\201}{}% 1
\BOOKMARK [1][-]{section*.2}{\376\377\116\313\176\315}{}% 2
\BOOKMARK [1][-]{section.1}{\376\377\151\202\163\207\166\204\140\226\213\272}{}% 3
\BOOKMARK [2][-]{subsection.1.1}{\376\377\140\226\213\272}{section.1}% 4
\BOOKMARK [2][-]{subsection.1.2}{\376\377\215\035\162\171\147\027\140\226\213\272}{section.1}% 5
\BOOKMARK [3][-]{subsubsection.1.2.1}{\376\377\225\356\230\230\143\320\121\372}{subsection.1.2}% 6
\BOOKMARK [3][-]{subsubsection.1.2.2}{\376\377\116\011\171\315\211\343\154\325}{subsection.1.2}% 7
\BOOKMARK [3][-]{subsubsection.1.2.3}{\376\377\211\302\160\271\116\211\142\147}{subsection.1.2}% 8
\BOOKMARK [1][-]{section.2}{\376\377\225\356\230\230\166\204\143\242\172\166}{}% 9
\BOOKMARK [2][-]{subsection.2.1}{\376\377\225\356\230\230\166\204\122\006\147\220}{section.2}% 10
\BOOKMARK [3][-]{subsubsection.2.1.1}{\376\377\150\067\147\054\172\172\225\364\147\204\220\040\166\204\124\010\164\006\140\047}{subsection.2.1}% 11
\BOOKMARK [3][-]{subsubsection.2.1.2}{\376\377\150\067\147\054\172\172\225\364\166\204\127\107\123\000\140\047}{subsection.2.1}% 12
\BOOKMARK [2][-]{subsection.2.2}{\376\377\122\006\147\220\176\323\147\234}{section.2}% 13
\BOOKMARK [3][-]{subsubsection.2.2.1}{\376\377\215\035\162\171\147\027\140\226\213\272\136\166\116\015\131\107}{subsection.2.2}% 14
\BOOKMARK [3][-]{subsubsection.2.2.2}{\376\377\151\202\163\207\121\154\164\006\123\026}{subsection.2.2}% 15
\BOOKMARK [1][-]{section.3}{\376\377\151\202\163\207\166\204\121\154\164\006\123\026}{}% 16
\BOOKMARK [2][-]{subsection.3.1}{\376\377\151\202\163\207\166\204\121\154\164\006\123\026\133\232\116\111}{section.3}% 17
\BOOKMARK [2][-]{subsection.3.2}{\376\377\151\202\163\207\166\204\123\357\136\224\165\050\140\047}{section.3}% 18
\BOOKMARK [1][-]{section*.9}{\376\377\213\250\213\272}{}% 19
\BOOKMARK [1][-]{section*.9}{\376\377\123\302\200\003\145\207\163\056}{}% 20
